Base path: C:/Program Files/Unity/Hub/Editor/2019.1.8f1/Editor/Data
Cmd: initializeCompiler
Cmd: compileComputeKernel
  api=4 insize=10367 outsize=2037 ok=1
Cmd: compileComputeKernel
  api=4 insize=8983 outsize=7597 ok=1
Cmd: compileComputeKernel
  api=4 insize=4482 outsize=1861 ok=1
Cmd: compileComputeKernel
  api=4 insize=13611 outsize=4121 ok=1
Cmd: compileComputeKernel
  api=4 insize=27408 outsize=1577 ok=1
Cmd: compileComputeKernel
  api=4 insize=27408 outsize=1621 ok=1
Cmd: compileComputeKernel
  api=4 insize=27408 outsize=1457 ok=1
Cmd: compileComputeKernel
  api=4 insize=27408 outsize=1305 ok=1
Cmd: compileComputeKernel
  api=4 insize=27408 outsize=1861 ok=1
Cmd: compileComputeKernel
  api=4 insize=27408 outsize=1337 ok=1
Cmd: compileComputeKernel
  api=4 insize=20360 outsize=713 ok=1
Cmd: compileComputeKernel
  api=4 insize=20360 outsize=773 ok=1
Cmd: compileComputeKernel
  api=4 insize=20360 outsize=701 ok=1
Cmd: compileComputeKernel
  api=4 insize=20360 outsize=1317 ok=1
Cmd: compileComputeKernel
  api=4 insize=20360 outsize=1341 ok=1
Cmd: compileComputeKernel
  api=4 insize=20360 outsize=1333 ok=1
Cmd: compileComputeKernel
  api=4 insize=20360 outsize=1241 ok=1

Quitting shader compiler process
