Base path: C:/Program Files/Unity/Hub/Editor/2019.1.8f1/Editor/Data
Cmd: initializeCompiler
Cmd: compileComputeKernel
  api=4 insize=10367 outsize=1801 ok=1
Cmd: compileComputeKernel
  api=4 insize=4482 outsize=1857 ok=1
Cmd: compileComputeKernel
  api=4 insize=27408 outsize=1685 ok=1
Cmd: compileComputeKernel
  api=4 insize=27408 outsize=1425 ok=1
Cmd: compileComputeKernel
  api=4 insize=27408 outsize=1317 ok=1
Cmd: compileComputeKernel
  api=4 insize=27408 outsize=1357 ok=1
Cmd: compileComputeKernel
  api=4 insize=27408 outsize=1857 ok=1
Cmd: compileComputeKernel
  api=4 insize=27408 outsize=1389 ok=1
Cmd: compileComputeKernel
  api=4 insize=20360 outsize=857 ok=1
Cmd: compileComputeKernel
  api=4 insize=20360 outsize=753 ok=1
Cmd: compileComputeKernel
  api=4 insize=20360 outsize=797 ok=1
Cmd: compileComputeKernel
  api=4 insize=20360 outsize=1293 ok=1
Cmd: compileComputeKernel
  api=4 insize=20360 outsize=1365 ok=1
Cmd: compileComputeKernel
  api=4 insize=20360 outsize=1397 ok=1
Cmd: compileComputeKernel
  api=4 insize=20360 outsize=1281 ok=1
Cmd: compileComputeKernel
  api=4 insize=20360 outsize=1709 ok=1
Cmd: compileSnippet
  api=4 type=1 insize=11846 outsize=5706 kw=SHADOWS_SPLIT_SPHERES pd=UNITY_ENABLE_REFLECTION_BUFFERS UNITY_USE_DITHER_MASK_FOR_ALPHABLENDED_SHADOWS UNITY_PBS_USE_BRDF1 UNITY_SPECCUBE_BOX_PROJECTION UNITY_SPECCUBE_BLENDING UNITY_ENABLE_DETAIL_NORMALMAP SHADER_API_DESKTOP UNITY_COLORSPACE_GAMMA UNITY_LIGHT_PROBE_PROXY_VOLUME UNITY_LIGHTMAP_RGBM_ENCODING ok=1

Quitting shader compiler process
