Base path: C:/Program Files/Unity/Hub/Editor/2019.1.8f1/Editor/Data
Cmd: initializeCompiler
Cmd: compileComputeKernel
  api=4 insize=10367 outsize=1033 ok=1
Cmd: compileComputeKernel
  api=4 insize=4482 outsize=1857 ok=1
Cmd: compileComputeKernel
  api=4 insize=13611 outsize=15109 ok=1
Cmd: compileComputeKernel
  api=4 insize=27408 outsize=2077 ok=1
Cmd: compileComputeKernel
  api=4 insize=27408 outsize=1609 ok=1
Cmd: compileComputeKernel
  api=4 insize=27408 outsize=1317 ok=1
Cmd: compileComputeKernel
  api=4 insize=27408 outsize=1357 ok=1
Cmd: compileComputeKernel
  api=4 insize=27408 outsize=1857 ok=1
Cmd: compileComputeKernel
  api=4 insize=27408 outsize=1337 ok=1
Cmd: compileComputeKernel
  api=4 insize=20360 outsize=953 ok=1
Cmd: compileComputeKernel
  api=4 insize=20360 outsize=849 ok=1
Cmd: compileComputeKernel
  api=4 insize=20360 outsize=1257 ok=1
Cmd: compileComputeKernel
  api=4 insize=20360 outsize=1313 ok=1
Cmd: compileComputeKernel
  api=4 insize=20360 outsize=1749 ok=1
Cmd: compileSnippet
  api=4 type=0 insize=11846 outsize=1258 kw=SHADOWS_SPLIT_SPHERES pd=UNITY_ENABLE_REFLECTION_BUFFERS UNITY_USE_DITHER_MASK_FOR_ALPHABLENDED_SHADOWS UNITY_PBS_USE_BRDF1 UNITY_SPECCUBE_BOX_PROJECTION UNITY_SPECCUBE_BLENDING UNITY_ENABLE_DETAIL_NORMALMAP SHADER_API_DESKTOP UNITY_COLORSPACE_GAMMA UNITY_LIGHT_PROBE_PROXY_VOLUME UNITY_LIGHTMAP_RGBM_ENCODING ok=1

Quitting shader compiler process
