Base path: C:/Program Files/Unity/Hub/Editor/2019.1.8f1/Editor/Data
Cmd: initializeCompiler
Cmd: compileComputeKernel
  api=4 insize=10367 outsize=1577 ok=1
Cmd: compileComputeKernel
  api=4 insize=8983 outsize=7453 ok=1
Cmd: compileComputeKernel
  api=4 insize=13611 outsize=3281 ok=1
Cmd: compileComputeKernel
  api=4 insize=27408 outsize=2629 ok=1
Cmd: compileComputeKernel
  api=4 insize=27408 outsize=1461 ok=1
Cmd: compileComputeKernel
  api=4 insize=27408 outsize=1857 ok=1
Cmd: compileComputeKernel
  api=4 insize=20360 outsize=809 ok=1
Cmd: compileComputeKernel
  api=4 insize=20360 outsize=701 ok=1
Cmd: compileComputeKernel
  api=4 insize=20360 outsize=1317 ok=1
Cmd: compileComputeKernel
  api=4 insize=20360 outsize=1437 ok=1
Cmd: compileComputeKernel
  api=4 insize=20360 outsize=1437 ok=1
Cmd: compileComputeKernel
  api=4 insize=20360 outsize=1241 ok=1
Cmd: compileSnippet
  api=4 type=1 insize=1596 outsize=7190 kw=UNITY_PASS_FORWARDBASE DIRECTIONAL SHADOWS_SCREEN LIGHTPROBE_SH pd=UNITY_ENABLE_REFLECTION_BUFFERS UNITY_USE_DITHER_MASK_FOR_ALPHABLENDED_SHADOWS UNITY_PBS_USE_BRDF1 UNITY_SPECCUBE_BOX_PROJECTION UNITY_SPECCUBE_BLENDING UNITY_ENABLE_DETAIL_NORMALMAP SHADER_API_DESKTOP UNITY_COLORSPACE_GAMMA UNITY_LIGHT_PROBE_PROXY_VOLUME UNITY_LIGHTMAP_RGBM_ENCODING ok=1

Quitting shader compiler process
